2019/12/02 01:21:13 [error] [system.db.CDbCommand] CDbCommand::fetchAll() failed: SQLSTATE[42S02]: Base table or view not found: 1146 Table 'task.shop_products' doesn't exist. The SQL statement executed was: SHOW FULL COLUMNS FROM `shop_products`.
in C:\xampp\htdocs\task\protected\modules\shop\views\products\index.php (12)
in C:\xampp\htdocs\task\protected\modules\shop\controllers\ProductsController.php (118)
in C:\xampp\htdocs\task\index.php (13)
2019/12/02 01:21:13 [error] [exception.CDbException] CDbException: The table "shop_products" for active record class "Products" cannot be found in the database. in C:\xampp\htdocs\task\framework\db\ar\CActiveRecord.php:2390
Stack trace:
#0 C:\xampp\htdocs\task\framework\db\ar\CActiveRecord.php(413): CActiveRecordMetaData->__construct(Object(Products))
#1 C:\xampp\htdocs\task\framework\db\ar\CActiveRecord.php(663): CActiveRecord->getMetaData()
#2 C:\xampp\htdocs\task\framework\db\ar\CActiveRecord.php(1609): CActiveRecord->getTableSchema()
#3 C:\xampp\htdocs\task\framework\web\CActiveDataProvider.php(228): CActiveRecord->count(Object(CDbCriteria))
#4 C:\xampp\htdocs\task\framework\web\CDataProvider.php(224): CActiveDataProvider->calculateTotalItemCount()
#5 C:\xampp\htdocs\task\framework\web\CActiveDataProvider.php(178): CDataProvider->getTotalItemCount()
#6 C:\xampp\htdocs\task\framework\web\CDataProvider.php(168): CActiveDataProvider->fetchData()
#7 C:\xampp\htdocs\task\framework\zii\widgets\CBaseListView.php(125): CDataProvider->getData()
#8 C:\xampp\htdocs\task\framework\zii\widgets\CListView.php(211): CBaseListView->init()
#9 C:\xampp\htdocs\task\framework\web\CBaseController.php(147): CListView->init()
#10 C:\xampp\htdocs\task\framework\web\CBaseController.php(181): CBaseController->createWidget('zii.widgets.CLi...', Array)
#11 C:\xampp\htdocs\task\protected\modules\shop\views\products\index.php(12): CBaseController->widget('zii.widgets.CLi...', Array)
#12 C:\xampp\htdocs\task\framework\web\CBaseController.php(126): require('C:\\xampp\\htdocs...')
#13 C:\xampp\htdocs\task\framework\web\CBaseController.php(95): CBaseController->renderInternal('C:\\xampp\\htdocs...', Array, true)
#14 C:\xampp\htdocs\task\framework\web\CController.php(872): CBaseController->renderFile('C:\\xampp\\htdocs...', Array, true)
#15 C:\xampp\htdocs\task\framework\web\CController.php(785): CController->renderPartial('index', Array, true)
#16 C:\xampp\htdocs\task\protected\modules\shop\controllers\ProductsController.php(118): CController->render('index', Array)
#17 C:\xampp\htdocs\task\framework\web\actions\CInlineAction.php(49): ProductsController->actionIndex()
#18 C:\xampp\htdocs\task\framework\web\CController.php(308): CInlineAction->runWithParams(Array)
#19 C:\xampp\htdocs\task\framework\web\filters\CFilterChain.php(134): CController->runAction(Object(CInlineAction))
#20 C:\xampp\htdocs\task\framework\web\filters\CFilter.php(40): CFilterChain->run()
#21 C:\xampp\htdocs\task\framework\web\CController.php(1148): CFilter->filter(Object(CFilterChain))
#22 C:\xampp\htdocs\task\framework\web\filters\CInlineFilter.php(58): CController->filterAccessControl(Object(CFilterChain))
#23 C:\xampp\htdocs\task\framework\web\filters\CFilterChain.php(131): CInlineFilter->filter(Object(CFilterChain))
#24 C:\xampp\htdocs\task\framework\web\CController.php(291): CFilterChain->run()
#25 C:\xampp\htdocs\task\framework\web\CController.php(265): CController->runActionWithFilters(Object(CInlineAction), Array)
#26 C:\xampp\htdocs\task\framework\web\CWebApplication.php(282): CController->run('index')
#27 C:\xampp\htdocs\task\framework\web\CWebApplication.php(141): CWebApplication->runController('shop/products/i...')
#28 C:\xampp\htdocs\task\framework\base\CApplication.php(185): CWebApplication->processRequest()
#29 C:\xampp\htdocs\task\index.php(13): CApplication->run()
#30 {main}
REQUEST_URI=/task/index.php?r=shop/products/index
---
2019/12/02 01:22:43 [error] [system.db.CDbCommand] CDbCommand::execute() failed: SQLSTATE[42S02]: Base table or view not found: 1146 Table 'task.shop_tax' doesn't exist. The SQL statement executed was: INSERT INTO `shop_tax` (`id`, `title`, `percent`) VALUES
							(1, '19%', 19),
							(2, '7%', 7);.
in C:\xampp\htdocs\task\protected\modules\shop\controllers\InstallController.php (78)
in C:\xampp\htdocs\task\index.php (13)
2019/12/02 01:22:43 [error] [exception.CDbException] CDbException: CDbCommand failed to execute the SQL statement: SQLSTATE[42S02]: Base table or view not found: 1146 Table 'task.shop_tax' doesn't exist. The SQL statement executed was: INSERT INTO `shop_tax` (`id`, `title`, `percent`) VALUES
							(1, '19%', 19),
							(2, '7%', 7); in C:\xampp\htdocs\task\framework\db\CDbCommand.php:358
Stack trace:
#0 C:\xampp\htdocs\task\protected\modules\shop\controllers\InstallController.php(78): CDbCommand->execute()
#1 C:\xampp\htdocs\task\framework\web\actions\CInlineAction.php(49): InstallController->actionInstall()
#2 C:\xampp\htdocs\task\framework\web\CController.php(308): CInlineAction->runWithParams(Array)
#3 C:\xampp\htdocs\task\framework\web\CController.php(286): CController->runAction(Object(CInlineAction))
#4 C:\xampp\htdocs\task\framework\web\CController.php(265): CController->runActionWithFilters(Object(CInlineAction), Array)
#5 C:\xampp\htdocs\task\framework\web\CWebApplication.php(282): CController->run('install')
#6 C:\xampp\htdocs\task\framework\web\CWebApplication.php(141): CWebApplication->runController('shop/install/in...')
#7 C:\xampp\htdocs\task\framework\base\CApplication.php(185): CWebApplication->processRequest()
#8 C:\xampp\htdocs\task\index.php(13): CApplication->run()
#9 {main}
REQUEST_URI=/task/index.php?r=shop/install/install
HTTP_REFERER=http://localhost/task/index.php?r=shop/install
---
2019/12/02 01:23:01 [error] [system.db.CDbCommand] CDbCommand::execute() failed: SQLSTATE[42S02]: Base table or view not found: 1146 Table 'task.shop_tax' doesn't exist. The SQL statement executed was: INSERT INTO `shop_tax` (`id`, `title`, `percent`) VALUES
							(1, '19%', 19),
							(2, '7%', 7);.
in C:\xampp\htdocs\task\protected\modules\shop\controllers\InstallController.php (78)
in C:\xampp\htdocs\task\index.php (13)
2019/12/02 01:23:01 [error] [exception.CDbException] CDbException: CDbCommand failed to execute the SQL statement: SQLSTATE[42S02]: Base table or view not found: 1146 Table 'task.shop_tax' doesn't exist. The SQL statement executed was: INSERT INTO `shop_tax` (`id`, `title`, `percent`) VALUES
							(1, '19%', 19),
							(2, '7%', 7); in C:\xampp\htdocs\task\framework\db\CDbCommand.php:358
Stack trace:
#0 C:\xampp\htdocs\task\protected\modules\shop\controllers\InstallController.php(78): CDbCommand->execute()
#1 C:\xampp\htdocs\task\framework\web\actions\CInlineAction.php(49): InstallController->actionInstall()
#2 C:\xampp\htdocs\task\framework\web\CController.php(308): CInlineAction->runWithParams(Array)
#3 C:\xampp\htdocs\task\framework\web\CController.php(286): CController->runAction(Object(CInlineAction))
#4 C:\xampp\htdocs\task\framework\web\CController.php(265): CController->runActionWithFilters(Object(CInlineAction), Array)
#5 C:\xampp\htdocs\task\framework\web\CWebApplication.php(282): CController->run('install')
#6 C:\xampp\htdocs\task\framework\web\CWebApplication.php(141): CWebApplication->runController('shop/install/in...')
#7 C:\xampp\htdocs\task\framework\base\CApplication.php(185): CWebApplication->processRequest()
#8 C:\xampp\htdocs\task\index.php(13): CApplication->run()
#9 {main}
REQUEST_URI=/task/index.php?r=shop/install/install
HTTP_REFERER=http://localhost/task/index.php?r=shop/install
---
2019/12/02 01:39:26 [error] [exception.CException] CException: SiteController cannot find the requested view "shop". in C:\xampp\htdocs\task\framework\web\CController.php:881
Stack trace:
#0 C:\xampp\htdocs\task\framework\web\CController.php(785): CController->renderPartial('shop', NULL, true)
#1 C:\xampp\htdocs\task\protected\controllers\SiteController.php(32): CController->render('shop')
#2 C:\xampp\htdocs\task\framework\web\actions\CInlineAction.php(49): SiteController->actionIndex()
#3 C:\xampp\htdocs\task\framework\web\CController.php(308): CInlineAction->runWithParams(Array)
#4 C:\xampp\htdocs\task\framework\web\CController.php(286): CController->runAction(Object(CInlineAction))
#5 C:\xampp\htdocs\task\framework\web\CController.php(265): CController->runActionWithFilters(Object(CInlineAction), Array)
#6 C:\xampp\htdocs\task\framework\web\CWebApplication.php(282): CController->run('index')
#7 C:\xampp\htdocs\task\framework\web\CWebApplication.php(141): CWebApplication->runController('site/index')
#8 C:\xampp\htdocs\task\framework\base\CApplication.php(185): CWebApplication->processRequest()
#9 C:\xampp\htdocs\task\index.php(13): CApplication->run()
#10 {main}
REQUEST_URI=/task/index.php?r=site/index
HTTP_REFERER=http://localhost/task/index.php?r=shop/shop/admin
---
2019/12/02 01:40:21 [error] [exception.CException] CException: SiteController cannot find the requested view "modules/shop/products/index". in C:\xampp\htdocs\task\framework\web\CController.php:881
Stack trace:
#0 C:\xampp\htdocs\task\framework\web\CController.php(785): CController->renderPartial('modules/shop/pr...', NULL, true)
#1 C:\xampp\htdocs\task\protected\controllers\SiteController.php(32): CController->render('modules/shop/pr...')
#2 C:\xampp\htdocs\task\framework\web\actions\CInlineAction.php(49): SiteController->actionIndex()
#3 C:\xampp\htdocs\task\framework\web\CController.php(308): CInlineAction->runWithParams(Array)
#4 C:\xampp\htdocs\task\framework\web\CController.php(286): CController->runAction(Object(CInlineAction))
#5 C:\xampp\htdocs\task\framework\web\CController.php(265): CController->runActionWithFilters(Object(CInlineAction), Array)
#6 C:\xampp\htdocs\task\framework\web\CWebApplication.php(282): CController->run('index')
#7 C:\xampp\htdocs\task\framework\web\CWebApplication.php(141): CWebApplication->runController('site/index')
#8 C:\xampp\htdocs\task\framework\base\CApplication.php(185): CWebApplication->processRequest()
#9 C:\xampp\htdocs\task\index.php(13): CApplication->run()
#10 {main}
REQUEST_URI=/task/index.php?r=site/index
HTTP_REFERER=http://localhost/task/index.php?r=shop/shop/admin
---
2019/12/02 01:40:25 [error] [exception.CException] CException: SiteController cannot find the requested view "modules/shop/products/index". in C:\xampp\htdocs\task\framework\web\CController.php:881
Stack trace:
#0 C:\xampp\htdocs\task\framework\web\CController.php(785): CController->renderPartial('modules/shop/pr...', NULL, true)
#1 C:\xampp\htdocs\task\protected\controllers\SiteController.php(32): CController->render('modules/shop/pr...')
#2 C:\xampp\htdocs\task\framework\web\actions\CInlineAction.php(49): SiteController->actionIndex()
#3 C:\xampp\htdocs\task\framework\web\CController.php(308): CInlineAction->runWithParams(Array)
#4 C:\xampp\htdocs\task\framework\web\CController.php(286): CController->runAction(Object(CInlineAction))
#5 C:\xampp\htdocs\task\framework\web\CController.php(265): CController->runActionWithFilters(Object(CInlineAction), Array)
#6 C:\xampp\htdocs\task\framework\web\CWebApplication.php(282): CController->run('index')
#7 C:\xampp\htdocs\task\framework\web\CWebApplication.php(141): CWebApplication->runController('site/index')
#8 C:\xampp\htdocs\task\framework\base\CApplication.php(185): CWebApplication->processRequest()
#9 C:\xampp\htdocs\task\index.php(13): CApplication->run()
#10 {main}
REQUEST_URI=/task/index.php?r=site/index
HTTP_REFERER=http://localhost/task/index.php?r=shop/shop/admin
---
2019/12/02 01:40:37 [error] [exception.CException] CException: SiteController cannot find the requested view "modules/shop/products/index.php". in C:\xampp\htdocs\task\framework\web\CController.php:881
Stack trace:
#0 C:\xampp\htdocs\task\framework\web\CController.php(785): CController->renderPartial('modules/shop/pr...', NULL, true)
#1 C:\xampp\htdocs\task\protected\controllers\SiteController.php(32): CController->render('modules/shop/pr...')
#2 C:\xampp\htdocs\task\framework\web\actions\CInlineAction.php(49): SiteController->actionIndex()
#3 C:\xampp\htdocs\task\framework\web\CController.php(308): CInlineAction->runWithParams(Array)
#4 C:\xampp\htdocs\task\framework\web\CController.php(286): CController->runAction(Object(CInlineAction))
#5 C:\xampp\htdocs\task\framework\web\CController.php(265): CController->runActionWithFilters(Object(CInlineAction), Array)
#6 C:\xampp\htdocs\task\framework\web\CWebApplication.php(282): CController->run('index')
#7 C:\xampp\htdocs\task\framework\web\CWebApplication.php(141): CWebApplication->runController('site/index')
#8 C:\xampp\htdocs\task\framework\base\CApplication.php(185): CWebApplication->processRequest()
#9 C:\xampp\htdocs\task\index.php(13): CApplication->run()
#10 {main}
REQUEST_URI=/task/index.php?r=site/index
HTTP_REFERER=http://localhost/task/index.php?r=shop/shop/admin
---
2019/12/02 01:40:55 [error] [exception.CException] CException: SiteController cannot find the requested view "modules\shop\products\index.php". in C:\xampp\htdocs\task\framework\web\CController.php:881
Stack trace:
#0 C:\xampp\htdocs\task\framework\web\CController.php(785): CController->renderPartial('modules\\shop\\pr...', NULL, true)
#1 C:\xampp\htdocs\task\protected\controllers\SiteController.php(32): CController->render('modules\\shop\\pr...')
#2 C:\xampp\htdocs\task\framework\web\actions\CInlineAction.php(49): SiteController->actionIndex()
#3 C:\xampp\htdocs\task\framework\web\CController.php(308): CInlineAction->runWithParams(Array)
#4 C:\xampp\htdocs\task\framework\web\CController.php(286): CController->runAction(Object(CInlineAction))
#5 C:\xampp\htdocs\task\framework\web\CController.php(265): CController->runActionWithFilters(Object(CInlineAction), Array)
#6 C:\xampp\htdocs\task\framework\web\CWebApplication.php(282): CController->run('index')
#7 C:\xampp\htdocs\task\framework\web\CWebApplication.php(141): CWebApplication->runController('site/index')
#8 C:\xampp\htdocs\task\framework\base\CApplication.php(185): CWebApplication->processRequest()
#9 C:\xampp\htdocs\task\index.php(13): CApplication->run()
#10 {main}
REQUEST_URI=/task/index.php?r=site/index
HTTP_REFERER=http://localhost/task/index.php?r=shop/shop/admin
---
2019/12/02 01:44:39 [error] [exception.CException] CException: SiteController cannot find the requested view "shop/views/products/index.php". in C:\xampp\htdocs\task\framework\web\CController.php:881
Stack trace:
#0 C:\xampp\htdocs\task\framework\web\CController.php(785): CController->renderPartial('shop/views/prod...', NULL, true)
#1 C:\xampp\htdocs\task\protected\controllers\SiteController.php(32): CController->render('shop/views/prod...')
#2 C:\xampp\htdocs\task\framework\web\actions\CInlineAction.php(49): SiteController->actionIndex()
#3 C:\xampp\htdocs\task\framework\web\CController.php(308): CInlineAction->runWithParams(Array)
#4 C:\xampp\htdocs\task\framework\web\CController.php(286): CController->runAction(Object(CInlineAction))
#5 C:\xampp\htdocs\task\framework\web\CController.php(265): CController->runActionWithFilters(Object(CInlineAction), Array)
#6 C:\xampp\htdocs\task\framework\web\CWebApplication.php(282): CController->run('index')
#7 C:\xampp\htdocs\task\framework\web\CWebApplication.php(141): CWebApplication->runController('site/index')
#8 C:\xampp\htdocs\task\framework\base\CApplication.php(185): CWebApplication->processRequest()
#9 C:\xampp\htdocs\task\index.php(13): CApplication->run()
#10 {main}
REQUEST_URI=/task/index.php?r=site/index
HTTP_REFERER=http://localhost/task/index.php?r=site/contact
---
2019/12/02 01:44:48 [error] [exception.CException] CException: SiteController cannot find the requested view "/shop/views/products/index.php". in C:\xampp\htdocs\task\framework\web\CController.php:881
Stack trace:
#0 C:\xampp\htdocs\task\framework\web\CController.php(785): CController->renderPartial('/shop/views/pro...', NULL, true)
#1 C:\xampp\htdocs\task\protected\controllers\SiteController.php(32): CController->render('/shop/views/pro...')
#2 C:\xampp\htdocs\task\framework\web\actions\CInlineAction.php(49): SiteController->actionIndex()
#3 C:\xampp\htdocs\task\framework\web\CController.php(308): CInlineAction->runWithParams(Array)
#4 C:\xampp\htdocs\task\framework\web\CController.php(286): CController->runAction(Object(CInlineAction))
#5 C:\xampp\htdocs\task\framework\web\CController.php(265): CController->runActionWithFilters(Object(CInlineAction), Array)
#6 C:\xampp\htdocs\task\framework\web\CWebApplication.php(282): CController->run('index')
#7 C:\xampp\htdocs\task\framework\web\CWebApplication.php(141): CWebApplication->runController('site/index')
#8 C:\xampp\htdocs\task\framework\base\CApplication.php(185): CWebApplication->processRequest()
#9 C:\xampp\htdocs\task\index.php(13): CApplication->run()
#10 {main}
REQUEST_URI=/task/index.php?r=site/index
HTTP_REFERER=http://localhost/task/index.php?r=site/contact
---
2019/12/02 01:44:49 [error] [exception.CException] CException: SiteController cannot find the requested view "/shop/views/products/index.php". in C:\xampp\htdocs\task\framework\web\CController.php:881
Stack trace:
#0 C:\xampp\htdocs\task\framework\web\CController.php(785): CController->renderPartial('/shop/views/pro...', NULL, true)
#1 C:\xampp\htdocs\task\protected\controllers\SiteController.php(32): CController->render('/shop/views/pro...')
#2 C:\xampp\htdocs\task\framework\web\actions\CInlineAction.php(49): SiteController->actionIndex()
#3 C:\xampp\htdocs\task\framework\web\CController.php(308): CInlineAction->runWithParams(Array)
#4 C:\xampp\htdocs\task\framework\web\CController.php(286): CController->runAction(Object(CInlineAction))
#5 C:\xampp\htdocs\task\framework\web\CController.php(265): CController->runActionWithFilters(Object(CInlineAction), Array)
#6 C:\xampp\htdocs\task\framework\web\CWebApplication.php(282): CController->run('index')
#7 C:\xampp\htdocs\task\framework\web\CWebApplication.php(141): CWebApplication->runController('site/index')
#8 C:\xampp\htdocs\task\framework\base\CApplication.php(185): CWebApplication->processRequest()
#9 C:\xampp\htdocs\task\index.php(13): CApplication->run()
#10 {main}
REQUEST_URI=/task/index.php?r=site/index
HTTP_REFERER=http://localhost/task/index.php?r=site/contact
---
2019/12/02 02:04:41 [error] [exception.CHttpException.404] CHttpException: Unable to resolve the request "modules/shop/productcontroller". in C:\xampp\htdocs\task\framework\web\CWebApplication.php:286
Stack trace:
#0 C:\xampp\htdocs\task\framework\web\CWebApplication.php(141): CWebApplication->runController('')
#1 C:\xampp\htdocs\task\framework\base\CApplication.php(185): CWebApplication->processRequest()
#2 C:\xampp\htdocs\task\index.php(13): CApplication->run()
#3 {main}
REQUEST_URI=/task/index.php
---
2019/12/02 02:05:12 [error] [exception.CHttpException.404] CHttpException: Unable to resolve the request "shop/ProductsController". in C:\xampp\htdocs\task\framework\web\CWebApplication.php:286
Stack trace:
#0 C:\xampp\htdocs\task\framework\web\CWebApplication.php(141): CWebApplication->runController('')
#1 C:\xampp\htdocs\task\framework\base\CApplication.php(185): CWebApplication->processRequest()
#2 C:\xampp\htdocs\task\index.php(13): CApplication->run()
#3 {main}
REQUEST_URI=/task/index.php
---
2019/12/02 02:05:24 [error] [exception.CHttpException.404] CHttpException: Unable to resolve the request "/shop/ProductsController". in C:\xampp\htdocs\task\framework\web\CWebApplication.php:286
Stack trace:
#0 C:\xampp\htdocs\task\framework\web\CWebApplication.php(141): CWebApplication->runController('')
#1 C:\xampp\htdocs\task\framework\base\CApplication.php(185): CWebApplication->processRequest()
#2 C:\xampp\htdocs\task\index.php(13): CApplication->run()
#3 {main}
REQUEST_URI=/task/index.php
---
2019/12/02 02:05:25 [error] [exception.CHttpException.404] CHttpException: Unable to resolve the request "/shop/ProductsController". in C:\xampp\htdocs\task\framework\web\CWebApplication.php:286
Stack trace:
#0 C:\xampp\htdocs\task\framework\web\CWebApplication.php(141): CWebApplication->runController('')
#1 C:\xampp\htdocs\task\framework\base\CApplication.php(185): CWebApplication->processRequest()
#2 C:\xampp\htdocs\task\index.php(13): CApplication->run()
#3 {main}
REQUEST_URI=/task/index.php
---
2019/12/02 02:05:54 [error] [exception.CHttpException.404] CHttpException: Unable to resolve the request "shop/ProductsController". in C:\xampp\htdocs\task\framework\web\CWebApplication.php:286
Stack trace:
#0 C:\xampp\htdocs\task\framework\web\CWebApplication.php(141): CWebApplication->runController('')
#1 C:\xampp\htdocs\task\framework\base\CApplication.php(185): CWebApplication->processRequest()
#2 C:\xampp\htdocs\task\index.php(13): CApplication->run()
#3 {main}
REQUEST_URI=/task/index.php
---
2019/12/02 02:05:56 [error] [exception.CHttpException.404] CHttpException: Unable to resolve the request "shop/ProductsController". in C:\xampp\htdocs\task\framework\web\CWebApplication.php:286
Stack trace:
#0 C:\xampp\htdocs\task\framework\web\CWebApplication.php(141): CWebApplication->runController('')
#1 C:\xampp\htdocs\task\framework\base\CApplication.php(185): CWebApplication->processRequest()
#2 C:\xampp\htdocs\task\index.php(13): CApplication->run()
#3 {main}
REQUEST_URI=/task/index.php
---
2019/12/02 02:07:13 [error] [exception.CHttpException.404] CHttpException: Unable to resolve the request "shop/ProductsController". in C:\xampp\htdocs\task\framework\web\CWebApplication.php:286
Stack trace:
#0 C:\xampp\htdocs\task\framework\web\CWebApplication.php(141): CWebApplication->runController('')
#1 C:\xampp\htdocs\task\framework\base\CApplication.php(185): CWebApplication->processRequest()
#2 C:\xampp\htdocs\task\index.php(13): CApplication->run()
#3 {main}
REQUEST_URI=/task/index.php
---
2019/12/02 02:07:15 [error] [exception.CHttpException.404] CHttpException: Unable to resolve the request "shop/ProductsController". in C:\xampp\htdocs\task\framework\web\CWebApplication.php:286
Stack trace:
#0 C:\xampp\htdocs\task\framework\web\CWebApplication.php(141): CWebApplication->runController('')
#1 C:\xampp\htdocs\task\framework\base\CApplication.php(185): CWebApplication->processRequest()
#2 C:\xampp\htdocs\task\index.php(13): CApplication->run()
#3 {main}
REQUEST_URI=/task/index.php
---
2019/12/02 02:07:16 [error] [exception.CHttpException.404] CHttpException: Unable to resolve the request "shop/ProductsController". in C:\xampp\htdocs\task\framework\web\CWebApplication.php:286
Stack trace:
#0 C:\xampp\htdocs\task\framework\web\CWebApplication.php(141): CWebApplication->runController('')
#1 C:\xampp\htdocs\task\framework\base\CApplication.php(185): CWebApplication->processRequest()
#2 C:\xampp\htdocs\task\index.php(13): CApplication->run()
#3 {main}
REQUEST_URI=/task/index.php
---
2019/12/02 02:07:34 [error] [exception.CHttpException.404] CHttpException: Unable to resolve the request "shop/controllers/ProductsController". in C:\xampp\htdocs\task\framework\web\CWebApplication.php:286
Stack trace:
#0 C:\xampp\htdocs\task\framework\web\CWebApplication.php(141): CWebApplication->runController('')
#1 C:\xampp\htdocs\task\framework\base\CApplication.php(185): CWebApplication->processRequest()
#2 C:\xampp\htdocs\task\index.php(13): CApplication->run()
#3 {main}
REQUEST_URI=/task/index.php
---
2019/12/02 02:07:34 [error] [exception.CHttpException.404] CHttpException: Unable to resolve the request "shop/controllers/ProductsController". in C:\xampp\htdocs\task\framework\web\CWebApplication.php:286
Stack trace:
#0 C:\xampp\htdocs\task\framework\web\CWebApplication.php(141): CWebApplication->runController('')
#1 C:\xampp\htdocs\task\framework\base\CApplication.php(185): CWebApplication->processRequest()
#2 C:\xampp\htdocs\task\index.php(13): CApplication->run()
#3 {main}
REQUEST_URI=/task/index.php
---
2019/12/02 02:07:55 [error] [exception.CHttpException.404] CHttpException: Unable to resolve the request "shop/controllers/ProductsController". in C:\xampp\htdocs\task\framework\web\CWebApplication.php:286
Stack trace:
#0 C:\xampp\htdocs\task\framework\web\CWebApplication.php(141): CWebApplication->runController('')
#1 C:\xampp\htdocs\task\framework\base\CApplication.php(185): CWebApplication->processRequest()
#2 C:\xampp\htdocs\task\index.php(13): CApplication->run()
#3 {main}
REQUEST_URI=/task/index.php
---
2019/12/02 02:10:32 [error] [exception.CHttpException.404] CHttpException: Unable to resolve the request "shop/view/products/index". in C:\xampp\htdocs\task\framework\web\CWebApplication.php:286
Stack trace:
#0 C:\xampp\htdocs\task\framework\web\CWebApplication.php(141): CWebApplication->runController('shop/view/produ...')
#1 C:\xampp\htdocs\task\framework\base\CApplication.php(185): CWebApplication->processRequest()
#2 C:\xampp\htdocs\task\index.php(13): CApplication->run()
#3 {main}
REQUEST_URI=/task/index.php?r=shop/view/products/index
HTTP_REFERER=http://localhost/task/index.php?r=site/index
---
2019/12/02 02:12:25 [error] [exception.CHttpException.404] CHttpException: Unable to resolve the request "shop/view/products/index". in C:\xampp\htdocs\task\framework\web\CWebApplication.php:286
Stack trace:
#0 C:\xampp\htdocs\task\framework\web\CWebApplication.php(141): CWebApplication->runController('shop/view/produ...')
#1 C:\xampp\htdocs\task\framework\base\CApplication.php(185): CWebApplication->processRequest()
#2 C:\xampp\htdocs\task\index.php(13): CApplication->run()
#3 {main}
REQUEST_URI=/task/index.php?r=shop/view/products/index
HTTP_REFERER=http://localhost/task/index.php?r=site/index
---
2019/12/02 02:12:54 [error] [exception.CHttpException.404] CHttpException: Unable to resolve the request "shop/view/products/index". in C:\xampp\htdocs\task\framework\web\CWebApplication.php:286
Stack trace:
#0 C:\xampp\htdocs\task\framework\web\CWebApplication.php(141): CWebApplication->runController('shop/view/produ...')
#1 C:\xampp\htdocs\task\framework\base\CApplication.php(185): CWebApplication->processRequest()
#2 C:\xampp\htdocs\task\index.php(13): CApplication->run()
#3 {main}
REQUEST_URI=/task/index.php?r=shop/view/products/index
HTTP_REFERER=http://localhost/task/index.php?r=site/index
---
2019/12/02 02:13:07 [error] [exception.CHttpException.404] CHttpException: Unable to resolve the request "shop/view/products/index". in C:\xampp\htdocs\task\framework\web\CWebApplication.php:286
Stack trace:
#0 C:\xampp\htdocs\task\framework\web\CWebApplication.php(141): CWebApplication->runController('shop/view/produ...')
#1 C:\xampp\htdocs\task\framework\base\CApplication.php(185): CWebApplication->processRequest()
#2 C:\xampp\htdocs\task\index.php(13): CApplication->run()
#3 {main}
REQUEST_URI=/task/index.php?r=shop/view/products/index
HTTP_REFERER=http://localhost/task/index.php?r=site/index
---
2019/12/02 02:13:19 [error] [exception.CHttpException.404] CHttpException: Unable to resolve the request "shop/index". in C:\xampp\htdocs\task\framework\web\CWebApplication.php:286
Stack trace:
#0 C:\xampp\htdocs\task\framework\web\CWebApplication.php(141): CWebApplication->runController('shop/index')
#1 C:\xampp\htdocs\task\framework\base\CApplication.php(185): CWebApplication->processRequest()
#2 C:\xampp\htdocs\task\index.php(13): CApplication->run()
#3 {main}
REQUEST_URI=/task/index.php?r=shop/index
---
2019/12/02 02:26:34 [error] [php] move_uploaded_file(productimages/Tulips.jpg): failed to open stream: No such file or directory (C:\xampp\htdocs\task\framework\web\CUploadedFile.php:201)
Stack trace:
#0 C:\xampp\htdocs\task\framework\web\actions\CInlineAction.php(49): ImageController->actionCreate()
#1 C:\xampp\htdocs\task\framework\web\CController.php(308): CInlineAction->runWithParams()
#2 C:\xampp\htdocs\task\framework\web\CController.php(286): ImageController->runAction()
#3 C:\xampp\htdocs\task\framework\web\CController.php(265): ImageController->runActionWithFilters()
#4 C:\xampp\htdocs\task\framework\web\CWebApplication.php(282): ImageController->run()
#5 C:\xampp\htdocs\task\framework\web\CWebApplication.php(141): CWebApplication->runController()
#6 C:\xampp\htdocs\task\framework\base\CApplication.php(185): CWebApplication->processRequest()
#7 C:\xampp\htdocs\task\index.php(13): CWebApplication->run()
REQUEST_URI=/task/index.php?r=shop/image/create&product_id=1
in C:\xampp\htdocs\task\protected\modules\shop\controllers\ImageController.php (29)
in C:\xampp\htdocs\task\index.php (13)
2019/12/02 02:27:43 [error] [php] move_uploaded_file(productimages/Tulips.jpg): failed to open stream: No such file or directory (C:\xampp\htdocs\task\framework\web\CUploadedFile.php:201)
Stack trace:
#0 C:\xampp\htdocs\task\framework\web\actions\CInlineAction.php(49): ImageController->actionCreate()
#1 C:\xampp\htdocs\task\framework\web\CController.php(308): CInlineAction->runWithParams()
#2 C:\xampp\htdocs\task\framework\web\CController.php(286): ImageController->runAction()
#3 C:\xampp\htdocs\task\framework\web\CController.php(265): ImageController->runActionWithFilters()
#4 C:\xampp\htdocs\task\framework\web\CWebApplication.php(282): ImageController->run()
#5 C:\xampp\htdocs\task\framework\web\CWebApplication.php(141): CWebApplication->runController()
#6 C:\xampp\htdocs\task\framework\base\CApplication.php(185): CWebApplication->processRequest()
#7 C:\xampp\htdocs\task\index.php(13): CWebApplication->run()
REQUEST_URI=/task/index.php?r=shop/image/create&product_id=1
in C:\xampp\htdocs\task\protected\modules\shop\controllers\ImageController.php (29)
in C:\xampp\htdocs\task\index.php (13)
2019/12/02 02:28:29 [error] [php] move_uploaded_file(productimages/Penguins.jpg): failed to open stream: No such file or directory (C:\xampp\htdocs\task\framework\web\CUploadedFile.php:201)
Stack trace:
#0 C:\xampp\htdocs\task\framework\web\actions\CInlineAction.php(49): ImageController->actionCreate()
#1 C:\xampp\htdocs\task\framework\web\CController.php(308): CInlineAction->runWithParams()
#2 C:\xampp\htdocs\task\framework\web\CController.php(286): ImageController->runAction()
#3 C:\xampp\htdocs\task\framework\web\CController.php(265): ImageController->runActionWithFilters()
#4 C:\xampp\htdocs\task\framework\web\CWebApplication.php(282): ImageController->run()
#5 C:\xampp\htdocs\task\framework\web\CWebApplication.php(141): CWebApplication->runController()
#6 C:\xampp\htdocs\task\framework\base\CApplication.php(185): CWebApplication->processRequest()
#7 C:\xampp\htdocs\task\index.php(13): CWebApplication->run()
REQUEST_URI=/task/index.php?r=shop/image/create&product_id=1
in C:\xampp\htdocs\task\protected\modules\shop\controllers\ImageController.php (29)
in C:\xampp\htdocs\task\index.php (13)
2019/12/02 02:29:09 [error] [system.db.CDbCommand] CDbCommand::execute() failed: SQLSTATE[23000]: Integrity constraint violation: 1451 Cannot delete or update a parent row: a foreign key constraint fails (`task`.`shop_image`, CONSTRAINT `fk_Image_Products` FOREIGN KEY (`product_id`) REFERENCES `shop_products` (`product_id`) ON DELETE NO ACTION ON UPDATE NO ACTION). The SQL statement executed was: DELETE FROM `shop_products` WHERE `shop_products`.`product_id`=1.
in C:\xampp\htdocs\task\protected\modules\shop\controllers\ProductsController.php (100)
in C:\xampp\htdocs\task\index.php (13)
2019/12/02 02:29:09 [error] [exception.CDbException] CDbException: CDbCommand failed to execute the SQL statement: SQLSTATE[23000]: Integrity constraint violation: 1451 Cannot delete or update a parent row: a foreign key constraint fails (`task`.`shop_image`, CONSTRAINT `fk_Image_Products` FOREIGN KEY (`product_id`) REFERENCES `shop_products` (`product_id`) ON DELETE NO ACTION ON UPDATE NO ACTION). The SQL statement executed was: DELETE FROM `shop_products` WHERE `shop_products`.`product_id`=1 in C:\xampp\htdocs\task\framework\db\CDbCommand.php:358
Stack trace:
#0 C:\xampp\htdocs\task\framework\db\ar\CActiveRecord.php(1810): CDbCommand->execute()
#1 C:\xampp\htdocs\task\framework\db\ar\CActiveRecord.php(1230): CActiveRecord->deleteByPk('1')
#2 C:\xampp\htdocs\task\protected\modules\shop\controllers\ProductsController.php(100): CActiveRecord->delete()
#3 C:\xampp\htdocs\task\framework\web\actions\CInlineAction.php(49): ProductsController->actionDelete()
#4 C:\xampp\htdocs\task\framework\web\CController.php(308): CInlineAction->runWithParams(Array)
#5 C:\xampp\htdocs\task\framework\web\filters\CFilterChain.php(134): CController->runAction(Object(CInlineAction))
#6 C:\xampp\htdocs\task\framework\web\filters\CFilter.php(40): CFilterChain->run()
#7 C:\xampp\htdocs\task\framework\web\CController.php(1148): CFilter->filter(Object(CFilterChain))
#8 C:\xampp\htdocs\task\framework\web\filters\CInlineFilter.php(58): CController->filterAccessControl(Object(CFilterChain))
#9 C:\xampp\htdocs\task\framework\web\filters\CFilterChain.php(131): CInlineFilter->filter(Object(CFilterChain))
#10 C:\xampp\htdocs\task\framework\web\CController.php(291): CFilterChain->run()
#11 C:\xampp\htdocs\task\framework\web\CController.php(265): CController->runActionWithFilters(Object(CInlineAction), Array)
#12 C:\xampp\htdocs\task\framework\web\CWebApplication.php(282): CController->run('delete')
#13 C:\xampp\htdocs\task\framework\web\CWebApplication.php(141): CWebApplication->runController('shop/products/d...')
#14 C:\xampp\htdocs\task\framework\base\CApplication.php(185): CWebApplication->processRequest()
#15 C:\xampp\htdocs\task\index.php(13): CApplication->run()
#16 {main}
REQUEST_URI=/task/index.php?ajax=products-grid&id=1&r=shop%2Fproducts%2Fdelete
HTTP_REFERER=http://localhost/task/index.php?r=shop/products/admin
---
2019/12/02 02:33:43 [error] [exception.CException] CException: Please specify the "data" property. in C:\xampp\htdocs\task\framework\zii\widgets\CDetailView.php:139
Stack trace:
#0 C:\xampp\htdocs\task\framework\web\CBaseController.php(147): CDetailView->init()
#1 C:\xampp\htdocs\task\framework\web\CBaseController.php(181): CBaseController->createWidget('zii.widgets.CDe...', Array)
#2 C:\xampp\htdocs\task\protected\modules\shop\views\shippingMethod\choose.php(31): CBaseController->widget('zii.widgets.CDe...', Array)
#3 C:\xampp\htdocs\task\framework\web\CBaseController.php(126): require('C:\\xampp\\htdocs...')
#4 C:\xampp\htdocs\task\framework\web\CBaseController.php(95): CBaseController->renderInternal('C:\\xampp\\htdocs...', Array, true)
#5 C:\xampp\htdocs\task\framework\web\CController.php(872): CBaseController->renderFile('C:\\xampp\\htdocs...', Array, true)
#6 C:\xampp\htdocs\task\framework\web\CController.php(785): CController->renderPartial('/shippingMethod...', Array, true)
#7 C:\xampp\htdocs\task\protected\modules\shop\controllers\OrderController.php(127): CController->render('/shippingMethod...', Array)
#8 [internal function]: OrderController->actionCreate('1', NULL, NULL)
#9 C:\xampp\htdocs\task\framework\web\actions\CAction.php(109): ReflectionMethod->invokeArgs(Object(OrderController), Array)
#10 C:\xampp\htdocs\task\framework\web\actions\CInlineAction.php(47): CAction->runWithParamsInternal(Object(OrderController), Object(ReflectionMethod), Array)
#11 C:\xampp\htdocs\task\framework\web\CController.php(308): CInlineAction->runWithParams(Array)
#12 C:\xampp\htdocs\task\framework\web\filters\CFilterChain.php(134): CController->runAction(Object(CInlineAction))
#13 C:\xampp\htdocs\task\framework\web\filters\CFilter.php(40): CFilterChain->run()
#14 C:\xampp\htdocs\task\framework\web\CController.php(1148): CFilter->filter(Object(CFilterChain))
#15 C:\xampp\htdocs\task\framework\web\filters\CInlineFilter.php(58): CController->filterAccessControl(Object(CFilterChain))
#16 C:\xampp\htdocs\task\framework\web\filters\CFilterChain.php(131): CInlineFilter->filter(Object(CFilterChain))
#17 C:\xampp\htdocs\task\framework\web\CController.php(291): CFilterChain->run()
#18 C:\xampp\htdocs\task\framework\web\CController.php(265): CController->runActionWithFilters(Object(CInlineAction), Array)
#19 C:\xampp\htdocs\task\framework\web\CWebApplication.php(282): CController->run('create')
#20 C:\xampp\htdocs\task\framework\web\CWebApplication.php(141): CWebApplication->runController('shop/order/crea...')
#21 C:\xampp\htdocs\task\framework\base\CApplication.php(185): CWebApplication->processRequest()
#22 C:\xampp\htdocs\task\index.php(13): CApplication->run()
#23 {main}
REQUEST_URI=/task/index.php?r=shop/order/create&customer=1
HTTP_REFERER=http://localhost/task/index.php?r=shop/order/create
---
2019/12/02 02:34:06 [error] [exception.CException] CException: Please specify the "data" property. in C:\xampp\htdocs\task\framework\zii\widgets\CDetailView.php:139
Stack trace:
#0 C:\xampp\htdocs\task\framework\web\CBaseController.php(147): CDetailView->init()
#1 C:\xampp\htdocs\task\framework\web\CBaseController.php(181): CBaseController->createWidget('zii.widgets.CDe...', Array)
#2 C:\xampp\htdocs\task\protected\modules\shop\views\shippingMethod\choose.php(31): CBaseController->widget('zii.widgets.CDe...', Array)
#3 C:\xampp\htdocs\task\framework\web\CBaseController.php(126): require('C:\\xampp\\htdocs...')
#4 C:\xampp\htdocs\task\framework\web\CBaseController.php(95): CBaseController->renderInternal('C:\\xampp\\htdocs...', Array, true)
#5 C:\xampp\htdocs\task\framework\web\CController.php(872): CBaseController->renderFile('C:\\xampp\\htdocs...', Array, true)
#6 C:\xampp\htdocs\task\framework\web\CController.php(785): CController->renderPartial('/shippingMethod...', Array, true)
#7 C:\xampp\htdocs\task\protected\modules\shop\controllers\OrderController.php(127): CController->render('/shippingMethod...', Array)
#8 [internal function]: OrderController->actionCreate('1', NULL, NULL)
#9 C:\xampp\htdocs\task\framework\web\actions\CAction.php(109): ReflectionMethod->invokeArgs(Object(OrderController), Array)
#10 C:\xampp\htdocs\task\framework\web\actions\CInlineAction.php(47): CAction->runWithParamsInternal(Object(OrderController), Object(ReflectionMethod), Array)
#11 C:\xampp\htdocs\task\framework\web\CController.php(308): CInlineAction->runWithParams(Array)
#12 C:\xampp\htdocs\task\framework\web\filters\CFilterChain.php(134): CController->runAction(Object(CInlineAction))
#13 C:\xampp\htdocs\task\framework\web\filters\CFilter.php(40): CFilterChain->run()
#14 C:\xampp\htdocs\task\framework\web\CController.php(1148): CFilter->filter(Object(CFilterChain))
#15 C:\xampp\htdocs\task\framework\web\filters\CInlineFilter.php(58): CController->filterAccessControl(Object(CFilterChain))
#16 C:\xampp\htdocs\task\framework\web\filters\CFilterChain.php(131): CInlineFilter->filter(Object(CFilterChain))
#17 C:\xampp\htdocs\task\framework\web\CController.php(291): CFilterChain->run()
#18 C:\xampp\htdocs\task\framework\web\CController.php(265): CController->runActionWithFilters(Object(CInlineAction), Array)
#19 C:\xampp\htdocs\task\framework\web\CWebApplication.php(282): CController->run('create')
#20 C:\xampp\htdocs\task\framework\web\CWebApplication.php(141): CWebApplication->runController('shop/order/crea...')
#21 C:\xampp\htdocs\task\framework\base\CApplication.php(185): CWebApplication->processRequest()
#22 C:\xampp\htdocs\task\index.php(13): CApplication->run()
#23 {main}
REQUEST_URI=/task/index.php?r=shop/order/create
HTTP_REFERER=http://localhost/task/index.php?r=shop/shoppingCart/view
---
2019/12/02 02:34:12 [error] [exception.CHttpException.404] CHttpException: The system is unable to find the requested action "index". in C:\xampp\htdocs\task\framework\web\CController.php:486
Stack trace:
#0 C:\xampp\htdocs\task\framework\web\CController.php(270): CController->missingAction('')
#1 C:\xampp\htdocs\task\framework\web\CWebApplication.php(282): CController->run('')
#2 C:\xampp\htdocs\task\framework\web\CWebApplication.php(141): CWebApplication->runController('shop/order/')
#3 C:\xampp\htdocs\task\framework\base\CApplication.php(185): CWebApplication->processRequest()
#4 C:\xampp\htdocs\task\index.php(13): CApplication->run()
#5 {main}
REQUEST_URI=/task/index.php?r=shop/order/
---
2019/12/02 02:34:23 [error] [exception.CException] CException: Please specify the "data" property. in C:\xampp\htdocs\task\framework\zii\widgets\CDetailView.php:139
Stack trace:
#0 C:\xampp\htdocs\task\framework\web\CBaseController.php(147): CDetailView->init()
#1 C:\xampp\htdocs\task\framework\web\CBaseController.php(181): CBaseController->createWidget('zii.widgets.CDe...', Array)
#2 C:\xampp\htdocs\task\protected\modules\shop\views\shippingMethod\choose.php(31): CBaseController->widget('zii.widgets.CDe...', Array)
#3 C:\xampp\htdocs\task\framework\web\CBaseController.php(126): require('C:\\xampp\\htdocs...')
#4 C:\xampp\htdocs\task\framework\web\CBaseController.php(95): CBaseController->renderInternal('C:\\xampp\\htdocs...', Array, true)
#5 C:\xampp\htdocs\task\framework\web\CController.php(872): CBaseController->renderFile('C:\\xampp\\htdocs...', Array, true)
#6 C:\xampp\htdocs\task\framework\web\CController.php(785): CController->renderPartial('/shippingMethod...', Array, true)
#7 C:\xampp\htdocs\task\protected\modules\shop\controllers\OrderController.php(127): CController->render('/shippingMethod...', Array)
#8 [internal function]: OrderController->actionCreate('1', NULL, NULL)
#9 C:\xampp\htdocs\task\framework\web\actions\CAction.php(109): ReflectionMethod->invokeArgs(Object(OrderController), Array)
#10 C:\xampp\htdocs\task\framework\web\actions\CInlineAction.php(47): CAction->runWithParamsInternal(Object(OrderController), Object(ReflectionMethod), Array)
#11 C:\xampp\htdocs\task\framework\web\CController.php(308): CInlineAction->runWithParams(Array)
#12 C:\xampp\htdocs\task\framework\web\filters\CFilterChain.php(134): CController->runAction(Object(CInlineAction))
#13 C:\xampp\htdocs\task\framework\web\filters\CFilter.php(40): CFilterChain->run()
#14 C:\xampp\htdocs\task\framework\web\CController.php(1148): CFilter->filter(Object(CFilterChain))
#15 C:\xampp\htdocs\task\framework\web\filters\CInlineFilter.php(58): CController->filterAccessControl(Object(CFilterChain))
#16 C:\xampp\htdocs\task\framework\web\filters\CFilterChain.php(131): CInlineFilter->filter(Object(CFilterChain))
#17 C:\xampp\htdocs\task\framework\web\CController.php(291): CFilterChain->run()
#18 C:\xampp\htdocs\task\framework\web\CController.php(265): CController->runActionWithFilters(Object(CInlineAction), Array)
#19 C:\xampp\htdocs\task\framework\web\CWebApplication.php(282): CController->run('create')
#20 C:\xampp\htdocs\task\framework\web\CWebApplication.php(141): CWebApplication->runController('shop/order/crea...')
#21 C:\xampp\htdocs\task\framework\base\CApplication.php(185): CWebApplication->processRequest()
#22 C:\xampp\htdocs\task\index.php(13): CApplication->run()
#23 {main}
REQUEST_URI=/task/index.php?r=shop/order/create
HTTP_REFERER=http://localhost/task/index.php?r=shop/shoppingCart/view
---
2019/12/02 02:35:13 [error] [exception.CException] CException: Please specify the "data" property. in C:\xampp\htdocs\task\framework\zii\widgets\CDetailView.php:139
Stack trace:
#0 C:\xampp\htdocs\task\framework\web\CBaseController.php(147): CDetailView->init()
#1 C:\xampp\htdocs\task\framework\web\CBaseController.php(181): CBaseController->createWidget('zii.widgets.CDe...', Array)
#2 C:\xampp\htdocs\task\protected\modules\shop\views\shippingMethod\choose.php(31): CBaseController->widget('zii.widgets.CDe...', Array)
#3 C:\xampp\htdocs\task\framework\web\CBaseController.php(126): require('C:\\xampp\\htdocs...')
#4 C:\xampp\htdocs\task\framework\web\CBaseController.php(95): CBaseController->renderInternal('C:\\xampp\\htdocs...', Array, true)
#5 C:\xampp\htdocs\task\framework\web\CController.php(872): CBaseController->renderFile('C:\\xampp\\htdocs...', Array, true)
#6 C:\xampp\htdocs\task\framework\web\CController.php(785): CController->renderPartial('/shippingMethod...', Array, true)
#7 C:\xampp\htdocs\task\protected\modules\shop\controllers\OrderController.php(127): CController->render('/shippingMethod...', Array)
#8 [internal function]: OrderController->actionCreate('1', NULL, NULL)
#9 C:\xampp\htdocs\task\framework\web\actions\CAction.php(109): ReflectionMethod->invokeArgs(Object(OrderController), Array)
#10 C:\xampp\htdocs\task\framework\web\actions\CInlineAction.php(47): CAction->runWithParamsInternal(Object(OrderController), Object(ReflectionMethod), Array)
#11 C:\xampp\htdocs\task\framework\web\CController.php(308): CInlineAction->runWithParams(Array)
#12 C:\xampp\htdocs\task\framework\web\filters\CFilterChain.php(134): CController->runAction(Object(CInlineAction))
#13 C:\xampp\htdocs\task\framework\web\filters\CFilter.php(40): CFilterChain->run()
#14 C:\xampp\htdocs\task\framework\web\CController.php(1148): CFilter->filter(Object(CFilterChain))
#15 C:\xampp\htdocs\task\framework\web\filters\CInlineFilter.php(58): CController->filterAccessControl(Object(CFilterChain))
#16 C:\xampp\htdocs\task\framework\web\filters\CFilterChain.php(131): CInlineFilter->filter(Object(CFilterChain))
#17 C:\xampp\htdocs\task\framework\web\CController.php(291): CFilterChain->run()
#18 C:\xampp\htdocs\task\framework\web\CController.php(265): CController->runActionWithFilters(Object(CInlineAction), Array)
#19 C:\xampp\htdocs\task\framework\web\CWebApplication.php(282): CController->run('create')
#20 C:\xampp\htdocs\task\framework\web\CWebApplication.php(141): CWebApplication->runController('shop/order/crea...')
#21 C:\xampp\htdocs\task\framework\base\CApplication.php(185): CWebApplication->processRequest()
#22 C:\xampp\htdocs\task\index.php(13): CApplication->run()
#23 {main}
REQUEST_URI=/task/index.php?r=shop/order/create
HTTP_REFERER=http://localhost/task/index.php?r=shop/shoppingCart/view
---
2019/12/02 02:35:22 [error] [exception.CException] CException: Please specify the "data" property. in C:\xampp\htdocs\task\framework\zii\widgets\CDetailView.php:139
Stack trace:
#0 C:\xampp\htdocs\task\framework\web\CBaseController.php(147): CDetailView->init()
#1 C:\xampp\htdocs\task\framework\web\CBaseController.php(181): CBaseController->createWidget('zii.widgets.CDe...', Array)
#2 C:\xampp\htdocs\task\protected\modules\shop\views\shippingMethod\choose.php(31): CBaseController->widget('zii.widgets.CDe...', Array)
#3 C:\xampp\htdocs\task\framework\web\CBaseController.php(126): require('C:\\xampp\\htdocs...')
#4 C:\xampp\htdocs\task\framework\web\CBaseController.php(95): CBaseController->renderInternal('C:\\xampp\\htdocs...', Array, true)
#5 C:\xampp\htdocs\task\framework\web\CController.php(872): CBaseController->renderFile('C:\\xampp\\htdocs...', Array, true)
#6 C:\xampp\htdocs\task\framework\web\CController.php(785): CController->renderPartial('/shippingMethod...', Array, true)
#7 C:\xampp\htdocs\task\protected\modules\shop\controllers\OrderController.php(127): CController->render('/shippingMethod...', Array)
#8 [internal function]: OrderController->actionCreate('1', NULL, NULL)
#9 C:\xampp\htdocs\task\framework\web\actions\CAction.php(109): ReflectionMethod->invokeArgs(Object(OrderController), Array)
#10 C:\xampp\htdocs\task\framework\web\actions\CInlineAction.php(47): CAction->runWithParamsInternal(Object(OrderController), Object(ReflectionMethod), Array)
#11 C:\xampp\htdocs\task\framework\web\CController.php(308): CInlineAction->runWithParams(Array)
#12 C:\xampp\htdocs\task\framework\web\filters\CFilterChain.php(134): CController->runAction(Object(CInlineAction))
#13 C:\xampp\htdocs\task\framework\web\filters\CFilter.php(40): CFilterChain->run()
#14 C:\xampp\htdocs\task\framework\web\CController.php(1148): CFilter->filter(Object(CFilterChain))
#15 C:\xampp\htdocs\task\framework\web\filters\CInlineFilter.php(58): CController->filterAccessControl(Object(CFilterChain))
#16 C:\xampp\htdocs\task\framework\web\filters\CFilterChain.php(131): CInlineFilter->filter(Object(CFilterChain))
#17 C:\xampp\htdocs\task\framework\web\CController.php(291): CFilterChain->run()
#18 C:\xampp\htdocs\task\framework\web\CController.php(265): CController->runActionWithFilters(Object(CInlineAction), Array)
#19 C:\xampp\htdocs\task\framework\web\CWebApplication.php(282): CController->run('create')
#20 C:\xampp\htdocs\task\framework\web\CWebApplication.php(141): CWebApplication->runController('shop/order/crea...')
#21 C:\xampp\htdocs\task\framework\base\CApplication.php(185): CWebApplication->processRequest()
#22 C:\xampp\htdocs\task\index.php(13): CApplication->run()
#23 {main}
REQUEST_URI=/task/index.php?r=shop/order/create
HTTP_REFERER=http://localhost/task/index.php?r=shop/shoppingCart/view
---
2019/12/02 02:35:39 [error] [exception.CException] CException: Please specify the "data" property. in C:\xampp\htdocs\task\framework\zii\widgets\CDetailView.php:139
Stack trace:
#0 C:\xampp\htdocs\task\framework\web\CBaseController.php(147): CDetailView->init()
#1 C:\xampp\htdocs\task\framework\web\CBaseController.php(181): CBaseController->createWidget('zii.widgets.CDe...', Array)
#2 C:\xampp\htdocs\task\protected\modules\shop\views\shippingMethod\choose.php(31): CBaseController->widget('zii.widgets.CDe...', Array)
#3 C:\xampp\htdocs\task\framework\web\CBaseController.php(126): require('C:\\xampp\\htdocs...')
#4 C:\xampp\htdocs\task\framework\web\CBaseController.php(95): CBaseController->renderInternal('C:\\xampp\\htdocs...', Array, true)
#5 C:\xampp\htdocs\task\framework\web\CController.php(872): CBaseController->renderFile('C:\\xampp\\htdocs...', Array, true)
#6 C:\xampp\htdocs\task\framework\web\CController.php(785): CController->renderPartial('/shippingMethod...', Array, true)
#7 C:\xampp\htdocs\task\protected\modules\shop\controllers\OrderController.php(127): CController->render('/shippingMethod...', Array)
#8 [internal function]: OrderController->actionCreate('1', NULL, NULL)
#9 C:\xampp\htdocs\task\framework\web\actions\CAction.php(109): ReflectionMethod->invokeArgs(Object(OrderController), Array)
#10 C:\xampp\htdocs\task\framework\web\actions\CInlineAction.php(47): CAction->runWithParamsInternal(Object(OrderController), Object(ReflectionMethod), Array)
#11 C:\xampp\htdocs\task\framework\web\CController.php(308): CInlineAction->runWithParams(Array)
#12 C:\xampp\htdocs\task\framework\web\filters\CFilterChain.php(134): CController->runAction(Object(CInlineAction))
#13 C:\xampp\htdocs\task\framework\web\filters\CFilter.php(40): CFilterChain->run()
#14 C:\xampp\htdocs\task\framework\web\CController.php(1148): CFilter->filter(Object(CFilterChain))
#15 C:\xampp\htdocs\task\framework\web\filters\CInlineFilter.php(58): CController->filterAccessControl(Object(CFilterChain))
#16 C:\xampp\htdocs\task\framework\web\filters\CFilterChain.php(131): CInlineFilter->filter(Object(CFilterChain))
#17 C:\xampp\htdocs\task\framework\web\CController.php(291): CFilterChain->run()
#18 C:\xampp\htdocs\task\framework\web\CController.php(265): CController->runActionWithFilters(Object(CInlineAction), Array)
#19 C:\xampp\htdocs\task\framework\web\CWebApplication.php(282): CController->run('create')
#20 C:\xampp\htdocs\task\framework\web\CWebApplication.php(141): CWebApplication->runController('shop/order/crea...')
#21 C:\xampp\htdocs\task\framework\base\CApplication.php(185): CWebApplication->processRequest()
#22 C:\xampp\htdocs\task\index.php(13): CApplication->run()
#23 {main}
REQUEST_URI=/task/index.php?r=shop/order/create
HTTP_REFERER=http://localhost/task/index.php?r=shop/shoppingCart/view
---
2019/12/02 07:55:15 [warning] [application] Failed to set unsafe attribute "id" of "DeliveryAddress".
in C:\xampp\htdocs\task\protected\modules\shop\controllers\OrderController.php (166)
in C:\xampp\htdocs\task\index.php (13)
2019/12/02 07:55:15 [warning] [application] Failed to set unsafe attribute "id" of "BillingAddress".
in C:\xampp\htdocs\task\protected\modules\shop\controllers\OrderController.php (174)
in C:\xampp\htdocs\task\index.php (13)
2019/12/02 07:55:41 [error] [exception.CHttpException.403] CHttpException: You are not authorized to perform this action. in C:\xampp\htdocs\task\framework\web\auth\CAccessControlFilter.php:183
Stack trace:
#0 C:\xampp\htdocs\task\framework\web\auth\CAccessControlFilter.php(145): CAccessControlFilter->accessDenied(Object(CWebUser), 'You are not aut...')
#1 C:\xampp\htdocs\task\framework\web\filters\CFilter.php(38): CAccessControlFilter->preFilter(Object(CFilterChain))
#2 C:\xampp\htdocs\task\framework\web\CController.php(1148): CFilter->filter(Object(CFilterChain))
#3 C:\xampp\htdocs\task\framework\web\filters\CInlineFilter.php(58): CController->filterAccessControl(Object(CFilterChain))
#4 C:\xampp\htdocs\task\framework\web\filters\CFilterChain.php(131): CInlineFilter->filter(Object(CFilterChain))
#5 C:\xampp\htdocs\task\framework\web\CController.php(291): CFilterChain->run()
#6 C:\xampp\htdocs\task\framework\web\CController.php(265): CController->runActionWithFilters(Object(CInlineAction), Array)
#7 C:\xampp\htdocs\task\framework\web\CWebApplication.php(282): CController->run('admin')
#8 C:\xampp\htdocs\task\framework\web\CWebApplication.php(141): CWebApplication->runController('shop/shop/admin')
#9 C:\xampp\htdocs\task\framework\base\CApplication.php(185): CWebApplication->processRequest()
#10 C:\xampp\htdocs\task\index.php(13): CApplication->run()
#11 {main}
REQUEST_URI=/task/index.php?r=shop/shop/admin
HTTP_REFERER=http://localhost/task/index.php?r=site/login
---
2019/12/02 07:56:05 [error] [exception.CHttpException.403] CHttpException: You are not authorized to perform this action. in C:\xampp\htdocs\task\framework\web\auth\CAccessControlFilter.php:183
Stack trace:
#0 C:\xampp\htdocs\task\framework\web\auth\CAccessControlFilter.php(145): CAccessControlFilter->accessDenied(Object(CWebUser), 'You are not aut...')
#1 C:\xampp\htdocs\task\framework\web\filters\CFilter.php(38): CAccessControlFilter->preFilter(Object(CFilterChain))
#2 C:\xampp\htdocs\task\framework\web\CController.php(1148): CFilter->filter(Object(CFilterChain))
#3 C:\xampp\htdocs\task\framework\web\filters\CInlineFilter.php(58): CController->filterAccessControl(Object(CFilterChain))
#4 C:\xampp\htdocs\task\framework\web\filters\CFilterChain.php(131): CInlineFilter->filter(Object(CFilterChain))
#5 C:\xampp\htdocs\task\framework\web\CController.php(291): CFilterChain->run()
#6 C:\xampp\htdocs\task\framework\web\CController.php(265): CController->runActionWithFilters(Object(CInlineAction), Array)
#7 C:\xampp\htdocs\task\framework\web\CWebApplication.php(282): CController->run('admin')
#8 C:\xampp\htdocs\task\framework\web\CWebApplication.php(141): CWebApplication->runController('shop/shop/admin')
#9 C:\xampp\htdocs\task\framework\base\CApplication.php(185): CWebApplication->processRequest()
#10 C:\xampp\htdocs\task\index.php(13): CApplication->run()
#11 {main}
REQUEST_URI=/task/index.php?r=shop/shop/admin
HTTP_REFERER=http://localhost/task/index.php?r=shop/products
---
2019/12/02 07:56:23 [error] [exception.CHttpException.403] CHttpException: You are not authorized to perform this action. in C:\xampp\htdocs\task\framework\web\auth\CAccessControlFilter.php:183
Stack trace:
#0 C:\xampp\htdocs\task\framework\web\auth\CAccessControlFilter.php(145): CAccessControlFilter->accessDenied(Object(CWebUser), 'You are not aut...')
#1 C:\xampp\htdocs\task\framework\web\filters\CFilter.php(38): CAccessControlFilter->preFilter(Object(CFilterChain))
#2 C:\xampp\htdocs\task\framework\web\CController.php(1148): CFilter->filter(Object(CFilterChain))
#3 C:\xampp\htdocs\task\framework\web\filters\CInlineFilter.php(58): CController->filterAccessControl(Object(CFilterChain))
#4 C:\xampp\htdocs\task\framework\web\filters\CFilterChain.php(131): CInlineFilter->filter(Object(CFilterChain))
#5 C:\xampp\htdocs\task\framework\web\CController.php(291): CFilterChain->run()
#6 C:\xampp\htdocs\task\framework\web\CController.php(265): CController->runActionWithFilters(Object(CInlineAction), Array)
#7 C:\xampp\htdocs\task\framework\web\CWebApplication.php(282): CController->run('admin')
#8 C:\xampp\htdocs\task\framework\web\CWebApplication.php(141): CWebApplication->runController('shop/tax/admin')
#9 C:\xampp\htdocs\task\framework\base\CApplication.php(185): CWebApplication->processRequest()
#10 C:\xampp\htdocs\task\index.php(13): CApplication->run()
#11 {main}
REQUEST_URI=/task/index.php?r=shop/tax/admin
HTTP_REFERER=http://localhost/task/index.php?r=shop/products/index
---
2019/12/02 07:56:35 [error] [exception.CHttpException.403] CHttpException: You are not authorized to perform this action. in C:\xampp\htdocs\task\framework\web\auth\CAccessControlFilter.php:183
Stack trace:
#0 C:\xampp\htdocs\task\framework\web\auth\CAccessControlFilter.php(145): CAccessControlFilter->accessDenied(Object(CWebUser), 'You are not aut...')
#1 C:\xampp\htdocs\task\framework\web\filters\CFilter.php(38): CAccessControlFilter->preFilter(Object(CFilterChain))
#2 C:\xampp\htdocs\task\framework\web\CController.php(1148): CFilter->filter(Object(CFilterChain))
#3 C:\xampp\htdocs\task\framework\web\filters\CInlineFilter.php(58): CController->filterAccessControl(Object(CFilterChain))
#4 C:\xampp\htdocs\task\framework\web\filters\CFilterChain.php(131): CInlineFilter->filter(Object(CFilterChain))
#5 C:\xampp\htdocs\task\framework\web\CController.php(291): CFilterChain->run()
#6 C:\xampp\htdocs\task\framework\web\CController.php(265): CController->runActionWithFilters(Object(CInlineAction), Array)
#7 C:\xampp\htdocs\task\framework\web\CWebApplication.php(282): CController->run('admin')
#8 C:\xampp\htdocs\task\framework\web\CWebApplication.php(141): CWebApplication->runController('shop/productSpe...')
#9 C:\xampp\htdocs\task\framework\base\CApplication.php(185): CWebApplication->processRequest()
#10 C:\xampp\htdocs\task\index.php(13): CApplication->run()
#11 {main}
REQUEST_URI=/task/index.php?r=shop/productSpecification/admin
HTTP_REFERER=http://localhost/task/index.php?r=shop/category/admin
---
2019/12/02 07:57:02 [error] [exception.CHttpException.403] CHttpException: You are not authorized to perform this action. in C:\xampp\htdocs\task\framework\web\auth\CAccessControlFilter.php:183
Stack trace:
#0 C:\xampp\htdocs\task\framework\web\auth\CAccessControlFilter.php(145): CAccessControlFilter->accessDenied(Object(CWebUser), 'You are not aut...')
#1 C:\xampp\htdocs\task\framework\web\filters\CFilter.php(38): CAccessControlFilter->preFilter(Object(CFilterChain))
#2 C:\xampp\htdocs\task\framework\web\CController.php(1148): CFilter->filter(Object(CFilterChain))
#3 C:\xampp\htdocs\task\framework\web\filters\CInlineFilter.php(58): CController->filterAccessControl(Object(CFilterChain))
#4 C:\xampp\htdocs\task\framework\web\filters\CFilterChain.php(131): CInlineFilter->filter(Object(CFilterChain))
#5 C:\xampp\htdocs\task\framework\web\CController.php(291): CFilterChain->run()
#6 C:\xampp\htdocs\task\framework\web\CController.php(265): CController->runActionWithFilters(Object(CInlineAction), Array)
#7 C:\xampp\htdocs\task\framework\web\CWebApplication.php(282): CController->run('admin')
#8 C:\xampp\htdocs\task\framework\web\CWebApplication.php(141): CWebApplication->runController('shop/shop/admin')
#9 C:\xampp\htdocs\task\framework\base\CApplication.php(185): CWebApplication->processRequest()
#10 C:\xampp\htdocs\task\index.php(13): CApplication->run()
#11 {main}
REQUEST_URI=/task/index.php?r=shop/shop/admin
HTTP_REFERER=http://localhost/task/index.php?r=shop/category/view&id=1
---
